<?xml version="1.0" encoding="UTF-8"?>
<testrun name="android-opencnam-library-tests (1)" project="android-opencnam-library-tests" tests="3" started="3" failures="3" errors="0" ignored="0">
  <testsuite name="com.tomdignan.android.opencnam.library.teststub.test.OpenCNAMRequestTestCase" time="13.568">
    <testcase name="testJSONRequest" classname="com.tomdignan.android.opencnam.library.teststub.test.OpenCNAMRequestTestCase" time="4.707">
      <failure>junit.framework.AssertionFailedError&#13;
at com.tomdignan.android.opencnam.library.teststub.test.OpenCNAMRequestTestCase.testJSONRequest(OpenCNAMRequestTestCase.java:101)&#13;
at java.lang.reflect.Method.invokeNative(Native Method)&#13;
at android.test.InstrumentationTestCase.runMethod(InstrumentationTestCase.java:204)&#13;
at android.test.InstrumentationTestCase.runTest(InstrumentationTestCase.java:194)&#13;
at android.test.AndroidTestRunner.runTest(AndroidTestRunner.java:169)&#13;
at android.test.AndroidTestRunner.runTest(AndroidTestRunner.java:154)&#13;
at android.test.InstrumentationTestRunner.onStart(InstrumentationTestRunner.java:520)&#13;
at android.app.Instrumentation$InstrumentationThread.run(Instrumentation.java:1447)&#13;

</failure>
    </testcase>
    <testcase name="testTextRequest" classname="com.tomdignan.android.opencnam.library.teststub.test.OpenCNAMRequestTestCase" time="4.292">
      <failure>junit.framework.AssertionFailedError&#13;
at com.tomdignan.android.opencnam.library.teststub.test.OpenCNAMRequestTestCase.testTextRequest(OpenCNAMRequestTestCase.java:84)&#13;
at java.lang.reflect.Method.invokeNative(Native Method)&#13;
at android.test.InstrumentationTestCase.runMethod(InstrumentationTestCase.java:204)&#13;
at android.test.InstrumentationTestCase.runTest(InstrumentationTestCase.java:194)&#13;
at android.test.AndroidTestRunner.runTest(AndroidTestRunner.java:169)&#13;
at android.test.AndroidTestRunner.runTest(AndroidTestRunner.java:154)&#13;
at android.test.InstrumentationTestRunner.onStart(InstrumentationTestRunner.java:520)&#13;
at android.app.Instrumentation$InstrumentationThread.run(Instrumentation.java:1447)&#13;

</failure>
    </testcase>
    <testcase name="testXMLRequest" classname="com.tomdignan.android.opencnam.library.teststub.test.OpenCNAMRequestTestCase" time="4.267">
      <failure>junit.framework.AssertionFailedError&#13;
at com.tomdignan.android.opencnam.library.teststub.test.OpenCNAMRequestTestCase.testXMLRequest(OpenCNAMRequestTestCase.java:152)&#13;
at java.lang.reflect.Method.invokeNative(Native Method)&#13;
at android.test.InstrumentationTestCase.runMethod(InstrumentationTestCase.java:204)&#13;
at android.test.InstrumentationTestCase.runTest(InstrumentationTestCase.java:194)&#13;
at android.test.AndroidTestRunner.runTest(AndroidTestRunner.java:169)&#13;
at android.test.AndroidTestRunner.runTest(AndroidTestRunner.java:154)&#13;
at android.test.InstrumentationTestRunner.onStart(InstrumentationTestRunner.java:520)&#13;
at android.app.Instrumentation$InstrumentationThread.run(Instrumentation.java:1447)&#13;

</failure>
    </testcase>
  </testsuite>
</testrun>
